          DROP CONSTRAINT c_doc_dev_id
                          *
ошибка в строке 2:
ORA-02443: Невозможно удалить ограничение - ограничение не существует 


          DROP CONSTRAINT c_oper_doc_id
                          *
ошибка в строке 2:
ORA-02443: Невозможно удалить ограничение - ограничение не существует 


          DROP CONSTRAINT c_oper_per_id
                          *
ошибка в строке 2:
ORA-02443: Невозможно удалить ограничение - ограничение не существует 


          DROP CONSTRAINT c_oper_equ_id
                          *
ошибка в строке 2:
ORA-02443: Невозможно удалить ограничение - ограничение не существует 


          DROP CONSTRAINT c_oper_rig_id
                          *
ошибка в строке 2:
ORA-02443: Невозможно удалить ограничение - ограничение не существует 



Фиксация обновлений завершена.


Таблица изменена.


Фиксация обновлений завершена.


Таблица изменена.


Фиксация обновлений завершена.


Таблица изменена.


Фиксация обновлений завершена.


Таблица изменена.


Фиксация обновлений завершена.


Таблица изменена.


Фиксация обновлений завершена.

