          DROP CONSTRAINT pk_users
                          *
ошибка в строке 2:
ORA-02443: Невозможно удалить ограничение - ограничение не существует 


          DROP CONSTRAINT pk_equipment
                          *
ошибка в строке 2:
ORA-02443: Невозможно удалить ограничение - ограничение не существует 


          DROP CONSTRAINT pk_rig
                          *
ошибка в строке 2:
ORA-02443: Невозможно удалить ограничение - ограничение не существует 


          DROP CONSTRAINT pk_personal
                          *
ошибка в строке 2:
ORA-02443: Невозможно удалить ограничение - ограничение не существует 


          DROP CONSTRAINT pk_operations
                          *
ошибка в строке 2:
ORA-02443: Невозможно удалить ограничение - ограничение не существует 


          DROP CONSTRAINT pk_documents
                          *
ошибка в строке 2:
ORA-02443: Невозможно удалить ограничение - ограничение не существует 


          DROP CONSTRAINT pk_devices
                          *
ошибка в строке 2:
ORA-02443: Невозможно удалить ограничение - ограничение не существует 



Фиксация обновлений завершена.

DROP INDEX i_user_id
           *
ошибка в строке 1:
ORA-01418: заданного индекса не существует 


DROP INDEX i_equ_id
           *
ошибка в строке 1:
ORA-01418: заданного индекса не существует 


DROP INDEX i_rig_id
           *
ошибка в строке 1:
ORA-01418: заданного индекса не существует 


DROP INDEX i_per_id
           *
ошибка в строке 1:
ORA-01418: заданного индекса не существует 


DROP INDEX i_oper_id
           *
ошибка в строке 1:
ORA-01418: заданного индекса не существует 


DROP INDEX i_dev_id
           *
ошибка в строке 1:
ORA-01418: заданного индекса не существует 


DROP INDEX i_doc_id
           *
ошибка в строке 1:
ORA-01418: заданного индекса не существует 



Фиксация обновлений завершена.


Индекс создан.


Таблица изменена.


Фиксация обновлений завершена.


Индекс создан.


Таблица изменена.


Фиксация обновлений завершена.


Индекс создан.


Таблица изменена.


Фиксация обновлений завершена.


Индекс создан.


Таблица изменена.


Фиксация обновлений завершена.


Индекс создан.


Таблица изменена.


Фиксация обновлений завершена.


Индекс создан.


Таблица изменена.


Фиксация обновлений завершена.


Индекс создан.


Таблица изменена.


Фиксация обновлений завершена.

